# JRE version: OpenJDK Runtime Environment Temurin-21.0.4+7 (21.0.4+7) (build 21.0.4+7-LTS)
# Java VM: OpenJDK 64-Bit Server VM Temurin-21.0.4+7 (21.0.4+7-LTS, mixed mode, emulated-client, tiered, compressed oops, compressed class ptrs, g1 gc, windows-amd64)
GC Precious Log:
 CardTable entry size: 512
 Card Set container configuration: InlinePtr #cards 5 size 8 Array Of Cards #cards 12 size 40 Howl #buckets 4 coarsen threshold 1843 Howl Bitmap #cards 512 size 80 coarsen threshold 460 Card regions per heap region 1 cards per card region 2048
 CPUs: 12 total, 12 available
 Memory: 7896M
 Large Page Support: Disabled
 NUMA Support: Disabled
 Compressed Oops: Enabled (32-bit)
 Heap Region Size: 1M
 Heap Min Capacity: 8M
 Heap Initial Capacity: 124M
 Heap Max Capacity: 1976M
 Pre-touch: Disabled
 Parallel Workers: 10
 Concurrent Workers: 3
 Concurrent Refinement Workers: 10
 Periodic GC: Disabled
Heap:
 garbage-first heap   total 57344K, used 44205K [0x0000000084800000, 0x0000000100000000)
  region size 1024K, 32 young (32768K), 2 survivors (2048K)
 Metaspace       used 38681K, committed 39232K, reserved 1114112K
  class space    used 4607K, committed 4864K, reserved 1048576K
GC Heap History (20 events):
Event: 1.356 GC heap after
{Heap after GC invocations=2 (full 0):
 garbage-first heap   total 126976K, used 6109K [0x0000000084800000, 0x0000000100000000)
  region size 1024K, 2 young (2048K), 2 survivors (2048K)
 Metaspace       used 20495K, committed 20800K, reserved 1114112K
  class space    used 2110K, committed 2240K, reserved 1048576K
}
Event: 1.421 GC heap before
{Heap before GC invocations=2 (full 0):
 garbage-first heap   total 126976K, used 12253K [0x0000000084800000, 0x0000000100000000)
  region size 1024K, 9 young (9216K), 2 survivors (2048K)
 Metaspace       used 21217K, committed 21504K, reserved 1114112K
  class space    used 2206K, committed 2368K, reserved 1048576K
}
Event: 1.424 GC heap after
{Heap after GC invocations=3 (full 0):
 garbage-first heap   total 126976K, used 6200K [0x0000000084800000, 0x0000000100000000)
  region size 1024K, 2 young (2048K), 2 survivors (2048K)
 Metaspace       used 21217K, committed 21504K, reserved 1114112K
  class space    used 2206K, committed 2368K, reserved 1048576K
}
Event: 1.542 GC heap before
{Heap before GC invocations=4 (full 0):
 garbage-first heap   total 24576K, used 18488K [0x0000000084800000, 0x0000000100000000)
  region size 1024K, 14 young (14336K), 2 survivors (2048K)
 Metaspace       used 22048K, committed 22400K, reserved 1114112K
  class space    used 2343K, committed 2496K, reserved 1048576K
}
Event: 1.545 GC heap after
{Heap after GC invocations=5 (full 0):
 garbage-first heap   total 24576K, used 6653K [0x0000000084800000, 0x0000000100000000)
  region size 1024K, 1 young (1024K), 1 survivors (1024K)
 Metaspace       used 22048K, committed 22400K, reserved 1114112K
  class space    used 2343K, committed 2496K, reserved 1048576K
}
Event: 1.731 GC heap before
{Heap before GC invocations=5 (full 0):
 garbage-first heap   total 24576K, used 18941K [0x0000000084800000, 0x0000000100000000)
  region size 1024K, 14 young (14336K), 1 survivors (1024K)
 Metaspace       used 23202K, committed 23488K, reserved 1114112K
  class space    used 2566K, committed 2688K, reserved 1048576K
}
Event: 1.733 GC heap after
{Heap after GC invocations=6 (full 0):
 garbage-first heap   total 24576K, used 7058K [0x0000000084800000, 0x0000000100000000)
  region size 1024K, 2 young (2048K), 2 survivors (2048K)
 Metaspace       used 23202K, committed 23488K, reserved 1114112K
  class space    used 2566K, committed 2688K, reserved 1048576K
}
Event: 1.791 GC heap before
{Heap before GC invocations=6 (full 0):
 garbage-first heap   total 24576K, used 18322K [0x0000000084800000, 0x0000000100000000)
  region size 1024K, 14 young (14336K), 2 survivors (2048K)
 Metaspace       used 24412K, committed 24768K, reserved 1114112K
  class space    used 2706K, committed 2880K, reserved 1048576K
}
Event: 1.793 GC heap after
{Heap after GC invocations=7 (full 0):
 garbage-first heap   total 24576K, used 7282K [0x0000000084800000, 0x0000000100000000)
  region size 1024K, 2 young (2048K), 2 survivors (2048K)
 Metaspace       used 24412K, committed 24768K, reserved 1114112K
  class space    used 2706K, committed 2880K, reserved 1048576K
}
Event: 1.833 GC heap before
{Heap before GC invocations=7 (full 0):
 garbage-first heap   total 24576K, used 18546K [0x0000000084800000, 0x0000000100000000)
  region size 1024K, 14 young (14336K), 2 survivors (2048K)
 Metaspace       used 25379K, committed 25728K, reserved 1114112K
  class space    used 2795K, committed 2944K, reserved 1048576K
}
Event: 1.835 GC heap after
{Heap after GC invocations=8 (full 0):
 garbage-first heap   total 75776K, used 7448K [0x0000000084800000, 0x0000000100000000)
  region size 1024K, 1 young (1024K), 1 survivors (1024K)
 Metaspace       used 25379K, committed 25728K, reserved 1114112K
  class space    used 2795K, committed 2944K, reserved 1048576K
}
Event: 2.028 GC heap before
{Heap before GC invocations=8 (full 0):
 garbage-first heap   total 75776K, used 50456K [0x0000000084800000, 0x0000000100000000)
  region size 1024K, 44 young (45056K), 1 survivors (1024K)
 Metaspace       used 29658K, committed 29952K, reserved 1114112K
  class space    used 3325K, committed 3456K, reserved 1048576K
}
Event: 2.031 GC heap after
{Heap after GC invocations=9 (full 0):
 garbage-first heap   total 75776K, used 8542K [0x0000000084800000, 0x0000000100000000)
  region size 1024K, 2 young (2048K), 2 survivors (2048K)
 Metaspace       used 29658K, committed 29952K, reserved 1114112K
  class space    used 3325K, committed 3456K, reserved 1048576K
}
Event: 2.458 GC heap before
{Heap before GC invocations=9 (full 0):
 garbage-first heap   total 75776K, used 51550K [0x0000000084800000, 0x0000000100000000)
  region size 1024K, 44 young (45056K), 2 survivors (2048K)
 Metaspace       used 32336K, committed 32704K, reserved 1114112K
  class space    used 3731K, committed 3904K, reserved 1048576K
}
Event: 2.464 GC heap after
{Heap after GC invocations=10 (full 0):
 garbage-first heap   total 75776K, used 10798K [0x0000000084800000, 0x0000000100000000)
  region size 1024K, 5 young (5120K), 5 survivors (5120K)
 Metaspace       used 32336K, committed 32704K, reserved 1114112K
  class space    used 3731K, committed 3904K, reserved 1048576K
}
Event: 2.910 GC heap before
{Heap before GC invocations=10 (full 0):
 garbage-first heap   total 75776K, used 49710K [0x0000000084800000, 0x0000000100000000)
  region size 1024K, 44 young (45056K), 5 survivors (5120K)
 Metaspace       used 35525K, committed 35968K, reserved 1114112K
  class space    used 4168K, committed 4352K, reserved 1048576K
}
Event: 2.918 GC heap after
{Heap after GC invocations=11 (full 0):
 garbage-first heap   total 75776K, used 12165K [0x0000000084800000, 0x0000000100000000)
  region size 1024K, 4 young (4096K), 4 survivors (4096K)
 Metaspace       used 35525K, committed 35968K, reserved 1114112K
  class space    used 4168K, committed 4352K, reserved 1048576K
}
Event: 3.218 GC heap before
{Heap before GC invocations=12 (full 0):
 garbage-first heap   total 45056K, used 34693K [0x0000000084800000, 0x0000000100000000)
  region size 1024K, 26 young (26624K), 4 survivors (4096K)
 Metaspace       used 37458K, committed 37952K, reserved 1114112K
  class space    used 4449K, committed 4672K, reserved 1048576K
}
Event: 3.225 GC heap after
{Heap after GC invocations=13 (full 0):
 garbage-first heap   total 57344K, used 13485K [0x0000000084800000, 0x0000000100000000)
  region size 1024K, 3 young (3072K), 3 survivors (3072K)
 Metaspace       used 37458K, committed 37952K, reserved 1114112K
  class space    used 4449K, committed 4672K, reserved 1048576K
}
Event: 621.598 GC heap before
{Heap before GC invocations=13 (full 0):
 garbage-first heap   total 57344K, used 44205K [0x0000000084800000, 0x0000000100000000)
  region size 1024K, 33 young (33792K), 3 survivors (3072K)
 Metaspace       used 38681K, committed 39232K, reserved 1114112K
  class space    used 4607K, committed 4864K, reserved 1048576K
}

